<?xml version="1.0" encoding="UTF-8"?>
<!-- Generated by org.testng.reporters.JUnitReportReporter -->
<testsuite hostname="LAPTOP-SO6TA3PE" failures="0" tests="1" name="ddpstest.DemoLogin" time="3.588" errors="0" timestamp="2023-02-02T21:30:31 IST" skipped="0">
  <testcase classname="ddpstest.DemoLogin" name="demoLogin" time="3.588"/>
  <system-out/>
</testsuite> <!-- ddpstest.DemoLogin -->
